
<- Vertex ----------------------------------------------------------------------
The Vortex class handles the representation of a point in space.

An instance can be constructed from disctinct x, y, z, w and a Color class.
( $instance = new Color( array( 'red' => 255, 'green' => 255, 'blue' => 255 ) ); )
new Vortex( array( 'x' => 0.0, 'y' => 0.0, 'z' => 0.0, 'w' => 0.0, 'color' => $instance ) );

x, y, z must be numbers and are required to construct a new instance.
w must be a number and color a class Color, they will be set to 1.00 and white if not defined.
Any other use is undefined behaviour.

The class provides the following methods :

Vortex   add( Vortex $instance )
Adds each vortex constitutive and returns a new vortex instance.

Vortex   sub( Vortex $instance )
Substracts each vortex constitutive and returns a new vortex instance.

Vortex   mult( Vortex $nb )
Multiplies each vortex constitutive by factor $nb and returns a new vortex instance.
---------------------------------------------------------------------- Vertex ->
Vertex( x: 0.00, y: 0.00, z:0.00, w:1.00, Color( red: 255, green: 255, blue: 255 ) ) constructed
Vertex( x: 0.00, y: 0.00, z:0.00, w:1.00, Color( red: 255, green: 255, blue: 255 ) )
Vertex( x: 1.00, y: 0.00, z:0.00, w:1.00, Color( red:   0, green: 255, blue:   0 ) ) constructed
Vertex( x: 0.00, y: 1.00, z:0.00, w:1.00, Color( red: 255, green:   0, blue:   0 ) ) constructed
Vertex( x: 0.00, y: 0.00, z:1.00, w:1.00, Color( red:   0, green:   0, blue: 255 ) ) constructed
Vertex( x: 1.00, y: 0.00, z:0.00, w:1.00, Color( red:   0, green: 255, blue:   0 ) )
Vertex( x: 0.00, y: 1.00, z:0.00, w:1.00, Color( red: 255, green:   0, blue:   0 ) )
Vertex( x: 0.00, y: 0.00, z:1.00, w:1.00, Color( red:   0, green:   0, blue: 255 ) )
Vertex( x: 0.00, y: 0.00, z:0.00, w:1.00 )
Vertex( x: 4.20, y: 0.00, z:0.00, w:1.00 )
Vertex( x: 4.20, y: 4.20, z:0.00, w:1.00 )
Vertex( x: 0.00, y: 4.20, z:0.00, w:1.00 )
Vertex( x: 3.00, y: 3.00, z:3.00, w:1.00 )
Vertex( x: 9.00, y: 9.00, z:9.00, w:3.00 )
Vertex( x: 9.00, y: 9.00, z:9.00, w:3.00, Color( red: 255, green: 255, blue: 255 ) ) destructed
Vertex( x: 3.00, y: 3.00, z:3.00, w:1.00, Color( red: 255, green: 255, blue: 255 ) ) destructed
Vertex( x: 0.00, y: 4.20, z:0.00, w:1.00, Color( red: 255, green: 255, blue: 255 ) ) destructed
Vertex( x: 4.20, y: 4.20, z:0.00, w:1.00, Color( red: 255, green: 255, blue: 255 ) ) destructed
Vertex( x: 4.20, y: 0.00, z:0.00, w:1.00, Color( red: 255, green: 255, blue: 255 ) ) destructed
Vertex( x: 0.00, y: 0.00, z:0.00, w:1.00, Color( red: 255, green: 255, blue: 255 ) ) destructed
Vertex( x: 0.00, y: 0.00, z:1.00, w:1.00, Color( red:   0, green:   0, blue: 255 ) ) destructed
Vertex( x: 0.00, y: 1.00, z:0.00, w:1.00, Color( red: 255, green:   0, blue:   0 ) ) destructed
Vertex( x: 1.00, y: 0.00, z:0.00, w:1.00, Color( red:   0, green: 255, blue:   0 ) ) destructed
Vertex( x: 0.00, y: 0.00, z:0.00, w:1.00, Color( red: 255, green: 255, blue: 255 ) ) destructed
